<?xml version="1.0" encoding="UTF-8"?>
<!-- Generated by org.testng.reporters.JUnitReportReporter -->
<testsuite hostname="DESKTOP-LVM6PIB" failures="0" tests="4" name="testcases.LoginTest" time="51.438" errors="0" timestamp="2022-03-15T22:27:35 IST" skipped="0">
  <testcase classname="testcases.LoginTest" name="LoginFailureTest" time="12.815"/>
  <system-out/>
  <testcase classname="testcases.LoginTest" name="ExternalDataTest" time="13.872"/>
  <system-out/>
  <testcase classname="testcases.LoginTest" name="LoginSuccessTest" time="11.833"/>
  <system-out/>
  <testcase classname="testcases.LoginTest" name="ParameterizedTest" time="12.918"/>
  <system-out/>
</testsuite> <!-- testcases.LoginTest -->
