<?xml version="1.0" encoding="UTF-8"?>
<!-- Generated by org.testng.reporters.JUnitReportReporter -->
<testsuite hostname="DESKTOP-LVM6PIB" failures="0" tests="1" name="testcases.LoginTest" time="14.323" errors="0" timestamp="2022-03-12T12:48:15 IST" skipped="0">
  <testcase classname="testcases.LoginTest" name="LoginFailureTest" time="14.323"/>
  <system-out/>
</testsuite> <!-- testcases.LoginTest -->
