<?xml version="1.0" encoding="UTF-8"?>
<!-- Generated by org.testng.reporters.JUnitReportReporter -->
<testsuite skipped="0" hostname="DESKTOP-LVM6PIB" name="testcases.LoginTest" tests="4" failures="0" timestamp="2022-03-23T20:40:13 IST" time="69.224" errors="0">
  <testcase name="ParameterizedTest" time="21.273" classname="testcases.LoginTest"/>
  <system-out/>
  <testcase name="LoginSuccessTest" time="13.933" classname="testcases.LoginTest"/>
  <system-out/>
  <testcase name="LoginFailureTest" time="12.813" classname="testcases.LoginTest"/>
  <system-out/>
  <testcase name="ExternalDataTest" time="21.205" classname="testcases.LoginTest"/>
  <system-out/>
</testsuite> <!-- testcases.LoginTest -->
